<?xml version="1.0" encoding="UTF-8"?>
<!-- Generated by org.testng.reporters.JUnitReportReporter -->
<testsuite hostname="AIS-5CG02881GT" failures="0" tests="1" name="DriverFactory.AppTest" time="20.274" errors="0" timestamp="2024-11-18T19:28:14 IST" skipped="0">
  <testcase classname="DriverFactory.AppTest" name="KickStart" time="20.274"/>
</testsuite> <!-- DriverFactory.AppTest -->
