<?xml version="1.0" encoding="UTF-8"?>
<!-- Generated by org.testng.reporters.JUnitReportReporter -->
<testsuite hostname="AIS-5CG02881GT" failures="0" tests="1" name="DriverFactory.AppTest" time="12.014" errors="0" timestamp="2024-11-12T16:52:37 IST" skipped="0">
  <testcase classname="DriverFactory.AppTest" name="KickStart" time="12.014"/>
</testsuite> <!-- DriverFactory.AppTest -->
