<?xml version="1.0" encoding="UTF-8"?>
<!-- Generated by org.testng.reporters.JUnitReportReporter -->
<testsuite hostname="AIS-5CG02881GT" failures="0" tests="1" name="DriverFactory.AppTest" time="35.773" errors="0" timestamp="2024-11-14T16:01:37 IST" skipped="0">
  <testcase classname="DriverFactory.AppTest" name="KickStart" time="35.773">
    <system-out>
      <![CDATA[Customer-00000012887   Customer-00000012887]]>
    </system-out>
  </testcase> <!-- KickStart -->
  <system-out>
    <![CDATA[Customer-00000012887   Customer-00000012887]]>
  </system-out>
</testsuite> <!-- DriverFactory.AppTest -->
